<?xml version="1.0" encoding="UTF-8"?>
<!-- Generated by org.testng.reporters.JUnitXMLReporter -->
<testsuite hostname="C1-G-MON-014" ignored="2" name="Command line test 6360e931-3e3e-4427-b529-47c307b4189e" tests="2" failures="2" timestamp="15 Dec 2020 08:14:56 GMT" time="11.237" errors="0">
  <testcase name="test" time="0.095" classname="org.testing.testscripts.TC3">
    <failure type="org.openqa.selenium.NoSuchElementException" message="no such element: Unable to locate element: {&amp;quot;method&amp;quot;:&amp;quot;xpath&amp;quot;,&amp;quot;selector&amp;quot;:&amp;quot;//yt-formatted-string[@class=&amp;apos;style-scope ytd-button-renderer style-suggestive size-small&amp;apos;]&amp;quot;}
  (Session info: chrome=87.0.4280.88)
For documentation on this error, please visit: https://www.seleniumhq.org/exceptions/no_such_element.html
Build info: version: &amp;apos;3.141.59&amp;apos;, revision: &amp;apos;e82be7d358&amp;apos;, time: &amp;apos;2018-11-14T08:17:03&amp;apos;
System info: host: &amp;apos;C1-G-MON-014&amp;apos;, ip: &amp;apos;192.168.4.55&amp;apos;, os.name: &amp;apos;Windows 10&amp;apos;, os.arch: &amp;apos;amd64&amp;apos;, os.version: &amp;apos;10.0&amp;apos;, java.version: &amp;apos;1.8.0_77&amp;apos;
Driver info: org.openqa.selenium.chrome.ChromeDriver
Capabilities {acceptInsecureCerts: false, browserName: chrome, browserVersion: 87.0.4280.88, chrome: {chromedriverVersion: 87.0.4280.20 (c99e81631faa0..., userDataDir: C:\Users\NALINI~1.LAT\AppDa...}, goog:chromeOptions: {debuggerAddress: localhost:51345}, javascriptEnabled: true, networkConnectionEnabled: false, pageLoadStrategy: normal, platform: WINDOWS, platformName: WINDOWS, proxy: Proxy(), setWindowRect: true, strictFileInteractability: false, timeouts: {implicit: 0, pageLoad: 300000, script: 30000}, unhandledPromptBehavior: dismiss and notify, webauthn:virtualAuthenticators: true}
Session ID: 5e1cb90418d0210f3b668dcd87a4de01
*** Element info: {Using=xpath, value=//yt-formatted-string[@class=&amp;apos;style-scope ytd-button-renderer style-suggestive size-small&amp;apos;]}">
      <![CDATA[org.openqa.selenium.NoSuchElementException: no such element: Unable to locate element: {"method":"xpath","selector":"//yt-formatted-string[@class='style-scope ytd-button-renderer style-suggestive size-small']"}
  (Session info: chrome=87.0.4280.88)
For documentation on this error, please visit: https://www.seleniumhq.org/exceptions/no_such_element.html
Build info: version: '3.141.59', revision: 'e82be7d358', time: '2018-11-14T08:17:03'
System info: host: 'C1-G-MON-014', ip: '192.168.4.55', os.name: 'Windows 10', os.arch: 'amd64', os.version: '10.0', java.version: '1.8.0_77'
Driver info: org.openqa.selenium.chrome.ChromeDriver
Capabilities {acceptInsecureCerts: false, browserName: chrome, browserVersion: 87.0.4280.88, chrome: {chromedriverVersion: 87.0.4280.20 (c99e81631faa0..., userDataDir: C:\Users\NALINI~1.LAT\AppDa...}, goog:chromeOptions: {debuggerAddress: localhost:51345}, javascriptEnabled: true, networkConnectionEnabled: false, pageLoadStrategy: normal, platform: WINDOWS, platformName: WINDOWS, proxy: Proxy(), setWindowRect: true, strictFileInteractability: false, timeouts: {implicit: 0, pageLoad: 300000, script: 30000}, unhandledPromptBehavior: dismiss and notify, webauthn:virtualAuthenticators: true}
Session ID: 5e1cb90418d0210f3b668dcd87a4de01
*** Element info: {Using=xpath, value=//yt-formatted-string[@class='style-scope ytd-button-renderer style-suggestive size-small']}
at org.openqa.selenium.remote.http.W3CHttpResponseCodec.createException(W3CHttpResponseCodec.java:187)
at org.openqa.selenium.remote.http.W3CHttpResponseCodec.decode(W3CHttpResponseCodec.java:122)
at org.openqa.selenium.remote.http.W3CHttpResponseCodec.decode(W3CHttpResponseCodec.java:49)
at org.openqa.selenium.remote.HttpCommandExecutor.execute(HttpCommandExecutor.java:158)
at org.openqa.selenium.remote.service.DriverCommandExecutor.execute(DriverCommandExecutor.java:83)
at org.openqa.selenium.remote.RemoteWebDriver.execute(RemoteWebDriver.java:552)
at org.openqa.selenium.remote.RemoteWebDriver.findElement(RemoteWebDriver.java:323)
at org.openqa.selenium.remote.RemoteWebDriver.findElementByXPath(RemoteWebDriver.java:428)
at org.openqa.selenium.By$ByXPath.findElement(By.java:353)
at org.openqa.selenium.remote.RemoteWebDriver.findElement(RemoteWebDriver.java:315)
at org.testing.testscripts.TC3.test(TC3.java:10)
at org.testing.runner.Runner.main(Runner.java:71)
... Removed 26 stack frames]]>
    </failure>
  </testcase> <!-- test -->
  <testcase name="test" time="0.0" classname="org.testing.testscripts.TC1">
    <failure type="java.lang.NullPointerException">
      <![CDATA[java.lang.NullPointerException
at org.testing.testscripts.TC1.test(TC1.java:10)
at org.testing.runner.Runner.main(Runner.java:71)
... Removed 22 stack frames]]>
    </failure>
  </testcase> <!-- test -->
  <testcase name="@BeforeTest setup" time="0.0" classname="org.testing.base.Base">
    <ignored/>
  </testcase> <!-- @BeforeTest setup -->
  <testcase name="@AfterTest close" time="0.0" classname="org.testing.base.Base">
    <ignored/>
  </testcase> <!-- @AfterTest close -->
</testsuite> <!-- Command line test 6360e931-3e3e-4427-b529-47c307b4189e -->
